build/outputs/logs/manifest-merger-debug-report.txt
-- Merging decision tree log ---
manifest
ADDED from AndroidManifest.xml:2:1
	package
		ADDED from AndroidManifest.xml:3:7
	android:versionName
		ADDED from AndroidManifest.xml:5:7
	android:versionCode
		ADDED from AndroidManifest.xml:4:7
		INJECTED from AndroidManifest.xml:0:0
		INJECTED from AndroidManifest.xml:0:0
	xmlns:android
		ADDED from AndroidManifest.xml:2:11
uses-sdk
ADDED from AndroidManifest.xml:6:5
MERGED from com.android.volley:volley:1.0.0:7:5
	android:minSdkVersion
		ADDED from AndroidManifest.xml:6:15
uses-permission#android.permission.WRITE_EXTERNAL_STORAGE
ADDED from AndroidManifest.xml:7:5
	android:name
		ADDED from AndroidManifest.xml:7:22
uses-permission#android.permission.READ_EXTERNAL_STORAGE
ADDED from AndroidManifest.xml:8:5
	android:name
		ADDED from AndroidManifest.xml:8:22
uses-permission#android.permission.INTERNET
ADDED from AndroidManifest.xml:9:5
	android:name
		ADDED from AndroidManifest.xml:9:22
application
ADDED from AndroidManifest.xml:11:5
MERGED from com.android.volley:volley:1.0.0:9:5
	android:label
		ADDED from AndroidManifest.xml:11:18
	android:allowBackup
		ADDED from AndroidManifest.xml:13:9
	android:icon
		ADDED from AndroidManifest.xml:11:51
	android:name
		ADDED from AndroidManifest.xml:12:9
activity#com.android.movieReviews.Splash
ADDED from AndroidManifest.xml:14:9
	android:label
		ADDED from AndroidManifest.xml:15:19
	android:name
		ADDED from AndroidManifest.xml:14:19
intent-filter#android.intent.action.MAIN+android.intent.category.LAUNCHER
ADDED from AndroidManifest.xml:16:13
action#android.intent.action.MAIN
ADDED from AndroidManifest.xml:17:17
	android:name
		ADDED from AndroidManifest.xml:17:25
category#android.intent.category.LAUNCHER
ADDED from AndroidManifest.xml:18:17
	android:name
		ADDED from AndroidManifest.xml:18:27
activity#com.android.movieReviews.Hello
ADDED from AndroidManifest.xml:21:9
	android:label
		ADDED from AndroidManifest.xml:21:41
	android:name
		ADDED from AndroidManifest.xml:21:19
intent-filter#android.intent.category.DEFAULT+com.android.movieReviews.HELLO
ADDED from AndroidManifest.xml:22:11
action#com.android.movieReviews.HELLO
ADDED from AndroidManifest.xml:23:13
	android:name
		ADDED from AndroidManifest.xml:23:21
category#android.intent.category.DEFAULT
ADDED from AndroidManifest.xml:24:13
	android:name
		ADDED from AndroidManifest.xml:24:23
activity#com.android.movieReviews.Login
ADDED from AndroidManifest.xml:27:9
	android:label
		ADDED from AndroidManifest.xml:27:41
	android:name
		ADDED from AndroidManifest.xml:27:19
intent-filter#android.intent.category.DEFAULT+com.android.movieReviews.LOGIN
ADDED from AndroidManifest.xml:28:11
action#com.android.movieReviews.LOGIN
ADDED from AndroidManifest.xml:29:13
	android:name
		ADDED from AndroidManifest.xml:29:21
activity#com.android.movieReviews.SignUp
ADDED from AndroidManifest.xml:33:9
	android:name
		ADDED from AndroidManifest.xml:33:19
activity#com.android.movieReviews.SqlView
ADDED from AndroidManifest.xml:35:9
	android:name
		ADDED from AndroidManifest.xml:35:19
activity#com.android.movieReviews.MainActivity
ADDED from AndroidManifest.xml:37:9
	android:name
		ADDED from AndroidManifest.xml:37:19
activity#com.android.movieReviews.MovieActivity
ADDED from AndroidManifest.xml:39:9
	android:name
		ADDED from AndroidManifest.xml:39:19
activity#com.android.movieReviews.InduvidualReviewActivity
ADDED from AndroidManifest.xml:41:9
	android:name
		ADDED from AndroidManifest.xml:41:19
activity#com.android.movieReviews.WriteReviewActivity
ADDED from AndroidManifest.xml:43:9
	android:name
		ADDED from AndroidManifest.xml:43:19
activity#com.android.movieReviews.MovieInfoView
ADDED from AndroidManifest.xml:45:9
	android:name
		ADDED from AndroidManifest.xml:45:19
activity#com.android.movieReviews.AllRatingsReviewsInfoView
ADDED from AndroidManifest.xml:47:9
	android:name
		ADDED from AndroidManifest.xml:47:19
activity#com.android.movieReviews.SampleMainActivity
ADDED from AndroidManifest.xml:49:9
	android:name
		ADDED from AndroidManifest.xml:49:19